\BOOKMARK [0][-]{Doc-Start}{\376\377\000L\036\335\000i\000\040\000c\000a\000m\000\040\001\021\000o\000a\000n}{}% 1
\BOOKMARK [0][-]{Doc-Start}{\376\377\000T\000r\000a\000n\000g\000\040\000t\000h\000\364\000n\000g\000\040\000t\000i\000n\000\040\000l\000u\036\255\000n\000\040\000v\001\003\000n\000\040\000t\000i\036\277\000n\000g\000\040\000V\000i\036\307\000t}{}% 2
\BOOKMARK [0][-]{Doc-Start}{\376\377\000T\000r\000a\000n\000g\000\040\000t\000h\000\364\000n\000g\000\040\000t\000i\000n\000\040\000l\000u\036\255\000n\000\040\000v\001\003\000n\000\040\000t\000i\036\277\000n\000g\000\040\000A\000n\000h}{}% 3
\BOOKMARK [0][-]{chapter*.5}{\376\377\000L\036\335\000i\000\040\000n\000\363\000i\000\040\001\021\036\247\000u}{}% 4
\BOOKMARK [0][-]{chapter.1}{\376\377\000T\036\325\000n\000g\000\040\000q\000u\000a\000n}{}% 5
\BOOKMARK [1][-]{section.1.1}{\376\377\000L\000\375\000\040\000d\000o\000\040\000c\000h\036\315\000n\000\040\001\021\036\301\000\040\000t\000\340\000i}{chapter.1}% 6
\BOOKMARK [1][-]{section.1.2}{\376\377\000C\000\341\000c\000\040\000c\000\364\000n\000g\000\040\000t\000r\000\354\000n\000h\000\040\000n\000g\000h\000i\000\352\000n\000\040\000c\036\351\000u\000\040\000k\000h\000o\000a\000\040\000h\036\315\000c\000\040\000c\000\363\000\040\000l\000i\000\352\000n\000\040\000q\000u\000a\000n}{chapter.1}% 7
\BOOKMARK [0][-]{chapter.2}{\376\377\000K\000i\036\277\000n\000\040\000t\000h\036\351\000c\000\040\000n\036\301\000n\000\040\000t\036\243\000n\000g}{}% 8
\BOOKMARK [1][-]{section.2.1}{\376\377\000Q\000u\000y\000\040\000t\000r\000\354\000n\000h\000\040\000c\036\347\000a\000\040\000l\036\333\000p\000\040\000c\000\341\000c\000\040\000b\000\340\000i\000\040\000t\000o\000\341\000n\000\040\000p\000h\000\342\000n\000\040\000l\000o\036\241\000i}{chapter.2}% 9
\BOOKMARK [1][-]{section.2.2}{\376\377\000Q\000u\000y\000\040\000t\000r\000\354\000n\000h\000\040\000l\036\361\000a\000\040\000c\000h\036\315\000n\000\040\001\021\036\267\000c\000\040\000t\000r\001\260\000n\000g}{chapter.2}% 10
\BOOKMARK [2][-]{subsection.2.2.1}{\376\377\000S\000i\000n\000h\000\040\000t\036\255\000p\000\040\000c\000o\000n}{section.2.2}% 11
\BOOKMARK [2][-]{subsection.2.2.2}{\376\377\001\020\000\341\000n\000h\000\040\000g\000i\000\341\000\040\000t\036\255\000p\000\040\000c\000o\000n}{section.2.2}% 12
\BOOKMARK [2][-]{subsection.2.2.3}{\376\377\000T\000i\000\352\000u\000\040\000c\000h\000\355\000\040\000d\036\353\000n\000g}{section.2.2}% 13
\BOOKMARK [2][-]{subsection.2.2.4}{\376\377\001\020\000\341\000n\000h\000\040\000g\000i\000\341\000\040\000k\036\277\000t\000\040\000q\000u\036\243}{section.2.2}% 14
\BOOKMARK [1][-]{section.2.3}{\376\377\000S\036\355\000\040\000d\036\345\000n\000g\000\040\000t\000\355\000n\000h\000\040\000t\000o\000\341\000n\000\040\000s\000o\000n\000g\000\040\000s\000o\000n\000g\000\040\001\021\036\303\000\040\000l\036\361\000a\000\040\000c\000h\036\315\000n\000\040\001\021\036\267\000c\000\040\000t\000r\001\260\000n\000g}{chapter.2}% 15
\BOOKMARK [1][-]{section.2.4}{\376\377\000S\001\241\000\040\000l\001\260\036\343\000c\000\040\000v\036\301\000\040\000h\001\260\036\333\000n\000g\000\040\000t\000i\036\277\000p\000\040\000c\036\255\000n}{chapter.2}% 16
\BOOKMARK [2][-]{subsection.2.4.1}{\376\377\000T\000h\000u\036\255\000t\000\040\000t\000o\000\341\000n\000\040\000l\036\361\000a\000\040\000c\000h\036\315\000n\000\040\000c\000h\000u\000y\036\303\000n\000\040\000t\000i\036\277\000n}{section.2.4}% 17
\BOOKMARK [2][-]{subsection.2.4.2}{\376\377\000T\000h\000u\036\255\000t\000\040\000t\000o\000\341\000n\000\040\000l\036\361\000a\000\040\000c\000h\036\315\000n\000\040\000c\000h\000u\000y\036\303\000n\000\040\000l\000\371\000i}{section.2.4}% 18
\BOOKMARK [2][-]{subsection.2.4.3}{\376\377\000T\000h\000u\036\255\000t\000\040\000t\000o\000\341\000n\000\040\000l\036\361\000a\000\040\000c\000h\036\315\000n\000\040\000t\036\353\000n\000g\000\040\000b\001\260\036\333\000c}{section.2.4}% 19
\BOOKMARK [1][-]{section.2.5}{\376\377\000M\036\331\000t\000\040\000s\036\321\000\040\000k\000h\000\341\000i\000\040\000n\000i\036\307\000m\000\040\000t\000o\000\341\000n\000\040\000h\036\315\000c}{chapter.2}% 20
\BOOKMARK [2][-]{subsection.2.5.1}{\376\377\000V\036\277\000t\000\040\000c\036\347\000a\000\040\000m\000a\000\040\000t\000r\036\255\000n}{section.2.5}% 21
\BOOKMARK [2][-]{subsection.2.5.2}{\376\377\000T\000r\000u\000n\000g\000\040\000b\000\354\000n\000h\000\040\000b\000\354\000n\000h\000\040\000p\000h\001\260\001\241\000n\000g\000\040\000s\000a\000i\000\040\000s\036\321}{section.2.5}% 22
\BOOKMARK [2][-]{subsection.2.5.3}{\376\377\000K\000h\000o\036\243\000n\000g\000\040\000c\000\341\000c\000h\000\040\000M\000a\000h\000a\000l\000a\000n\000o\000b\000i\000s}{section.2.5}% 23
\BOOKMARK [2][-]{subsection.2.5.4}{\376\377\000P\000h\000\342\000n\000\040\000k\036\363\000\040\000K\000u\000l\000l\000b\000a\000c\000k\000-\000L\000e\000i\000b\000l\000e\000r}{section.2.5}% 24
\BOOKMARK [1][-]{section.2.6}{\376\377\000M\000\364\000\040\000h\000\354\000n\000h\000\040\000L\000D\000A\000\040\000\050\000L\000i\000n\000e\000a\000r\000\040\000D\000i\000s\000c\000r\000i\000m\000i\000n\000a\000n\000t\000\040\000A\000n\000a\000l\000y\000s\000i\000s\000\051}{chapter.2}% 25
\BOOKMARK [0][-]{chapter.3}{\376\377\000T\000i\000\352\000u\000\040\000c\000h\000\355\000\040\000v\036\277\000t\000\040\000-\000\040\000T\000i\000\352\000u\000\040\000c\000h\000\355\000\040\000l\036\361\000a\000\040\000c\000h\036\315\000n\000\040\001\021\036\267\000c\000\040\000t\000r\001\260\000n\000g}{}% 26
\BOOKMARK [1][-]{section.3.1}{\376\377\000T\000i\000\352\000u\000\040\000c\000h\000\355\000\040\000v\036\277\000t}{chapter.3}% 27
\BOOKMARK [1][-]{section.3.2}{\376\377\000T\000h\000u\036\255\000t\000\040\000t\000o\000\341\000n\000\040\000l\036\361\000a\000\040\000c\000h\036\315\000n\000\040\001\021\036\267\000c\000\040\000t\000r\001\260\000n\000g\000\040\000s\000o\000n\000g\000\040\000s\000o\000n\000g\000\040\000d\036\361\000a\000\040\000t\000r\000\352\000n\000\040\000t\000i\000\352\000u\000\040\000c\000h\000\355\000\040\000v\036\277\000t}{chapter.3}% 28
\BOOKMARK [2][-]{subsection.3.2.1}{\376\377\000C\001\241\000\040\000s\036\337\000\040\000s\036\355\000\040\000d\036\345\000n\000g\000\040\000t\000i\000\352\000u\000\040\000c\000h\000\355\000\040\000v\036\277\000t}{section.3.2}% 29
\BOOKMARK [2][-]{subsection.3.2.2}{\376\377\000T\000h\000u\036\255\000t\000\040\000t\000o\000\341\000n}{section.3.2}% 30
\BOOKMARK [0][-]{chapter.4}{\376\377\000T\000h\036\361\000c\000\040\000n\000g\000h\000i\036\307\000m}{}% 31
\BOOKMARK [1][-]{section.4.1}{\376\377\000M\036\331\000t\000\040\000v\000\340\000i\000\040\000t\000h\000u\036\255\000t\000\040\000t\000o\000\341\000n\000\040\000l\036\361\000a\000\040\000c\000h\036\315\000n\000\040\001\021\036\267\000c\000\040\000t\000r\001\260\000n\000g\000\040}{chapter.4}% 32
\BOOKMARK [2][-]{subsection.4.1.1}{\376\377\000P\000S\000F\000S\000\040\000v\000\340\000\040\000P\000S\000B\000S}{section.4.1}% 33
\BOOKMARK [2][-]{subsection.4.1.2}{\376\377\000P\000S\000V\000M\000R}{section.4.1}% 34
\BOOKMARK [2][-]{subsection.4.1.3}{\376\377\000P\000M\000I}{section.4.1}% 35
\BOOKMARK [1][-]{section.4.2}{\376\377\000T\000h\000\364\000n\000g\000\040\000t\000i\000n\000\040\000v\036\301\000\040\000c\000\341\000c\000\040\000t\036\255\000p\000\040\000d\036\357\000\040\000l\000i\036\307\000u\000\040\000v\000\340\000\040\000c\000\341\000c\000\040\000t\000h\000i\036\277\000t\000\040\000l\036\255\000p}{chapter.4}% 36
\BOOKMARK [1][-]{section.4.3}{\376\377\001\020\036\331\000\040\001\021\000o\000\040\001\021\000\341\000n\000h\000\040\000g\000i\000\341}{chapter.4}% 37
\BOOKMARK [1][-]{section.4.4}{\376\377\000K\036\277\000t\000\040\000q\000u\036\243\000\040\000v\000\340\000\040\000t\000h\036\243\000o\000\040\000l\000u\036\255\000n}{chapter.4}% 38
\BOOKMARK [0][-]{chapter*.16}{\376\377\000K\036\277\000t\000\040\000l\000u\036\255\000n}{}% 39
\BOOKMARK [0][-]{chapter*.16}{\376\377\000T\000\340\000i\000\040\000l\000i\036\307\000u\000\040\000t\000h\000a\000m\000\040\000k\000h\036\243\000o}{}% 40
